# JRE version: Java(TM) SE Runtime Environment (8.0_181-b13) (build 1.8.0_181-b13)
# Java VM: Java HotSpot(TM) 64-Bit Server VM (25.181-b13 mixed mode windows-amd64 compressed oops)
Heap:
 PSYoungGen      total 113664K, used 60631K [0x00000000eac00000, 0x00000000f2780000, 0x0000000100000000)
  eden space 102400K, 48% used [0x00000000eac00000,0x00000000edc3d5d0,0x00000000f1000000)
  from space 11264K, 99% used [0x00000000f1000000,0x00000000f1af86c0,0x00000000f1b00000)
  to   space 10240K, 0% used [0x00000000f1b00000,0x00000000f1b00000,0x00000000f2500000)
 ParOldGen       total 37888K, used 14570K [0x00000000c0400000, 0x00000000c2900000, 0x00000000eac00000)
  object space 37888K, 38% used [0x00000000c0400000,0x00000000c123a8b8,0x00000000c2900000)
 Metaspace       used 32914K, capacity 34062K, committed 34176K, reserved 1079296K
  class space    used 4227K, capacity 4466K, committed 4480K, reserved 1048576K
GC Heap History (10 events):
Event: 1.566 GC heap before
{Heap before GC invocations=6 (full 0):
 PSYoungGen      total 35328K, used 33847K [0x00000000eac00000, 0x00000000ef900000, 0x0000000100000000)
  eden space 32768K, 95% used [0x00000000eac00000,0x00000000eca930f0,0x00000000ecc00000)
  from space 2560K, 99% used [0x00000000ecc00000,0x00000000ece7aba8,0x00000000ece80000)
  to   space 6656K, 0% used [0x00000000ef280000,0x00000000ef280000,0x00000000ef900000)
 ParOldGen       total 44032K, used 10802K [0x00000000c0400000, 0x00000000c2f00000, 0x00000000eac00000)
  object space 44032K, 24% used [0x00000000c0400000,0x00000000c0e8ca90,0x00000000c2f00000)
 Metaspace       used 20574K, capacity 21158K, committed 21248K, reserved 1067008K
  class space    used 2605K, capacity 2782K, committed 2816K, reserved 1048576K
Event: 1.572 GC heap after
Heap after GC invocations=6 (full 0):
 PSYoungGen      total 71168K, used 6632K [0x00000000eac00000, 0x00000000efb00000, 0x0000000100000000)
  eden space 64512K, 0% used [0x00000000eac00000,0x00000000eac00000,0x00000000eeb00000)
  from space 6656K, 99% used [0x00000000ef280000,0x00000000ef8fa3c0,0x00000000ef900000)
  to   space 7680K, 0% used [0x00000000eeb00000,0x00000000eeb00000,0x00000000ef280000)
 ParOldGen       total 44032K, used 10834K [0x00000000c0400000, 0x00000000c2f00000, 0x00000000eac00000)
  object space 44032K, 24% used [0x00000000c0400000,0x00000000c0e94b28,0x00000000c2f00000)
 Metaspace       used 20574K, capacity 21158K, committed 21248K, reserved 1067008K
  class space    used 2605K, capacity 2782K, committed 2816K, reserved 1048576K
}
Event: 1.572 GC heap before
{Heap before GC invocations=7 (full 1):
 PSYoungGen      total 71168K, used 6632K [0x00000000eac00000, 0x00000000efb00000, 0x0000000100000000)
  eden space 64512K, 0% used [0x00000000eac00000,0x00000000eac00000,0x00000000eeb00000)
  from space 6656K, 99% used [0x00000000ef280000,0x00000000ef8fa3c0,0x00000000ef900000)
  to   space 7680K, 0% used [0x00000000eeb00000,0x00000000eeb00000,0x00000000ef280000)
 ParOldGen       total 44032K, used 10834K [0x00000000c0400000, 0x00000000c2f00000, 0x00000000eac00000)
  object space 44032K, 24% used [0x00000000c0400000,0x00000000c0e94b28,0x00000000c2f00000)
 Metaspace       used 20574K, capacity 21158K, committed 21248K, reserved 1067008K
  class space    used 2605K, capacity 2782K, committed 2816K, reserved 1048576K
Event: 1.606 GC heap after
Heap after GC invocations=7 (full 1):
 PSYoungGen      total 71168K, used 0K [0x00000000eac00000, 0x00000000efb00000, 0x0000000100000000)
  eden space 64512K, 0% used [0x00000000eac00000,0x00000000eac00000,0x00000000eeb00000)
  from space 6656K, 0% used [0x00000000ef280000,0x00000000ef280000,0x00000000ef900000)
  to   space 7680K, 0% used [0x00000000eeb00000,0x00000000eeb00000,0x00000000ef280000)
 ParOldGen       total 37888K, used 10090K [0x00000000c0400000, 0x00000000c2900000, 0x00000000eac00000)
  object space 37888K, 26% used [0x00000000c0400000,0x00000000c0dda930,0x00000000c2900000)
 Metaspace       used 20573K, capacity 21152K, committed 21248K, reserved 1067008K
  class space    used 2605K, capacity 2781K, committed 2816K, reserved 1048576K
}
Event: 2.300 GC heap before
{Heap before GC invocations=8 (full 1):
 PSYoungGen      total 71168K, used 64512K [0x00000000eac00000, 0x00000000efb00000, 0x0000000100000000)
  eden space 64512K, 100% used [0x00000000eac00000,0x00000000eeb00000,0x00000000eeb00000)
  from space 6656K, 0% used [0x00000000ef280000,0x00000000ef280000,0x00000000ef900000)
  to   space 7680K, 0% used [0x00000000eeb00000,0x00000000eeb00000,0x00000000ef280000)
 ParOldGen       total 37888K, used 10090K [0x00000000c0400000, 0x00000000c2900000, 0x00000000eac00000)
  object space 37888K, 26% used [0x00000000c0400000,0x00000000c0dda930,0x00000000c2900000)
 Metaspace       used 27649K, capacity 28486K, committed 28672K, reserved 1075200K
  class space    used 3546K, capacity 3738K, committed 3840K, reserved 1048576K
Event: 2.334 GC heap after
Heap after GC invocations=8 (full 1):
 PSYoungGen      total 72192K, used 7654K [0x00000000eac00000, 0x00000000f2500000, 0x0000000100000000)
  eden space 64512K, 0% used [0x00000000eac00000,0x00000000eac00000,0x00000000eeb00000)
  from space 7680K, 99% used [0x00000000eeb00000,0x00000000ef279b70,0x00000000ef280000)
  to   space 10240K, 0% used [0x00000000f1b00000,0x00000000f1b00000,0x00000000f2500000)
 ParOldGen       total 37888K, used 13189K [0x00000000c0400000, 0x00000000c2900000, 0x00000000eac00000)
  object space 37888K, 34% used [0x00000000c0400000,0x00000000c10e1648,0x00000000c2900000)
 Metaspace       used 27649K, capacity 28486K, committed 28672K, reserved 1075200K
  class space    used 3546K, capacity 3738K, committed 3840K, reserved 1048576K
}
Event: 3.032 GC heap before
{Heap before GC invocations=9 (full 1):
 PSYoungGen      total 72192K, used 72166K [0x00000000eac00000, 0x00000000f2500000, 0x0000000100000000)
  eden space 64512K, 100% used [0x00000000eac00000,0x00000000eeb00000,0x00000000eeb00000)
  from space 7680K, 99% used [0x00000000eeb00000,0x00000000ef279b70,0x00000000ef280000)
  to   space 10240K, 0% used [0x00000000f1b00000,0x00000000f1b00000,0x00000000f2500000)
 ParOldGen       total 37888K, used 13189K [0x00000000c0400000, 0x00000000c2900000, 0x00000000eac00000)
  object space 37888K, 34% used [0x00000000c0400000,0x00000000c10e1648,0x00000000c2900000)
 Metaspace       used 29184K, capacity 30202K, committed 30336K, reserved 1075200K
  class space    used 3729K, capacity 3950K, committed 3968K, reserved 1048576K
Event: 3.059 GC heap after
Heap after GC invocations=9 (full 1):
 PSYoungGen      total 112640K, used 9367K [0x00000000eac00000, 0x00000000f2780000, 0x0000000100000000)
  eden space 102400K, 0% used [0x00000000eac00000,0x00000000eac00000,0x00000000f1000000)
  from space 10240K, 91% used [0x00000000f1b00000,0x00000000f2425de8,0x00000000f2500000)
  to   space 11264K, 0% used [0x00000000f1000000,0x00000000f1000000,0x00000000f1b00000)
 ParOldGen       total 37888K, used 13197K [0x00000000c0400000, 0x00000000c2900000, 0x00000000eac00000)
  object space 37888K, 34% used [0x00000000c0400000,0x00000000c10e3648,0x00000000c2900000)
 Metaspace       used 29184K, capacity 30202K, committed 30336K, reserved 1075200K
  class space    used 3729K, capacity 3950K, committed 3968K, reserved 1048576K
}
Event: 3.957 GC heap before
{Heap before GC invocations=10 (full 1):
 PSYoungGen      total 112640K, used 111767K [0x00000000eac00000, 0x00000000f2780000, 0x0000000100000000)
  eden space 102400K, 100% used [0x00000000eac00000,0x00000000f1000000,0x00000000f1000000)
  from space 10240K, 91% used [0x00000000f1b00000,0x00000000f2425de8,0x00000000f2500000)
  to   space 11264K, 0% used [0x00000000f1000000,0x00000000f1000000,0x00000000f1b00000)
 ParOldGen       total 37888K, used 13197K [0x00000000c0400000, 0x00000000c2900000, 0x00000000eac00000)
  object space 37888K, 34% used [0x00000000c0400000,0x00000000c10e3648,0x00000000c2900000)
 Metaspace       used 31216K, capacity 32356K, committed 32512K, reserved 1077248K
  class space    used 4039K, capacity 4269K, committed 4352K, reserved 1048576K
Event: 3.968 GC heap after
Heap after GC invocations=10 (full 1):
 PSYoungGen      total 113664K, used 11233K [0x00000000eac00000, 0x00000000f2780000, 0x0000000100000000)
  eden space 102400K, 0% used [0x00000000eac00000,0x00000000eac00000,0x00000000f1000000)
  from space 11264K, 99% used [0x00000000f1000000,0x00000000f1af86c0,0x00000000f1b00000)
  to   space 10240K, 0% used [0x00000000f1b00000,0x00000000f1b00000,0x00000000f2500000)
 ParOldGen       total 37888K, used 14570K [0x00000000c0400000, 0x00000000c2900000, 0x00000000eac00000)
  object space 37888K, 38% used [0x00000000c0400000,0x00000000c123a8b8,0x00000000c2900000)
 Metaspace       used 31216K, capacity 32356K, committed 32512K, reserved 1077248K
  class space    used 4039K, capacity 4269K, committed 4352K, reserved 1048576K
}

